Spooky Dooky/Library/Bee/Android/Prj/Mono2x/Gradle/unityLibrary/build/intermediates/manifest_merge_blame_file/debug/manifest-merger-blame-debug-report.txt
1<?xml version="1.0" encoding="utf-8"?>
2<manifest xmlns:android="http://schemas.android.com/apk/res/android"
3    xmlns:tools="http://schemas.android.com/tools"
4    package="com.unity3d.player"
5    android:installLocation="auto" >
6
7    <uses-sdk android:minSdkVersion="23" />
7-->src\main\AndroidManifest.xml
8
9    <uses-permission android:name="android.permission.INTERNET" />
9-->src\main\AndroidManifest.xml:3:3-65
9-->src\main\AndroidManifest.xml:3:20-62
10    <uses-permission android:name="android.permission.ACCESS_NETWORK_STATE" />
10-->src\main\AndroidManifest.xml:4:3-77
10-->src\main\AndroidManifest.xml:4:20-74
11    <uses-permission android:name="android.permission.RECORD_AUDIO" />
11-->src\main\AndroidManifest.xml:5:3-69
11-->src\main\AndroidManifest.xml:5:20-66
12    <uses-permission android:name="android.permission.MODIFY_AUDIO_SETTINGS" />
12-->src\main\AndroidManifest.xml:6:3-78
12-->src\main\AndroidManifest.xml:6:20-75
13    <uses-permission android:name="android.permission.BLUETOOTH" />
13-->src\main\AndroidManifest.xml:7:3-66
13-->src\main\AndroidManifest.xml:7:20-63
14
15    <uses-feature android:glEsVersion="0x00030000" />
15-->src\main\AndroidManifest.xml:8:3-52
15-->src\main\AndroidManifest.xml:8:17-49
16    <uses-feature
16-->src\main\AndroidManifest.xml:9:3-91
17        android:name="android.hardware.vulkan.version"
17-->src\main\AndroidManifest.xml:9:17-63
18        android:required="false" />
18-->src\main\AndroidManifest.xml:9:64-88
19    <uses-feature
19-->src\main\AndroidManifest.xml:10:3-87
20        android:name="android.hardware.microphone"
20-->src\main\AndroidManifest.xml:10:17-59
21        android:required="false" />
21-->src\main\AndroidManifest.xml:10:60-84
22    <uses-feature
22-->src\main\AndroidManifest.xml:11:3-88
23        android:name="android.hardware.touchscreen"
23-->src\main\AndroidManifest.xml:11:17-60
24        android:required="false" />
24-->src\main\AndroidManifest.xml:11:61-85
25    <uses-feature
25-->src\main\AndroidManifest.xml:12:3-99
26        android:name="android.hardware.touchscreen.multitouch"
26-->src\main\AndroidManifest.xml:12:17-71
27        android:required="false" />
27-->src\main\AndroidManifest.xml:12:72-96
28    <uses-feature
28-->src\main\AndroidManifest.xml:13:3-108
29        android:name="android.hardware.touchscreen.multitouch.distinct"
29-->src\main\AndroidManifest.xml:13:17-80
30        android:required="false" />
30-->src\main\AndroidManifest.xml:13:81-105
31    <uses-feature
31-->src\main\AndroidManifest.xml:37:3-111
32        android:name="android.hardware.vr.headtracking"
32-->src\main\AndroidManifest.xml:37:17-64
33        android:required="true"
33-->src\main\AndroidManifest.xml:37:65-88
34        android:version="1" />
34-->src\main\AndroidManifest.xml:37:89-108
35
36    <application
36-->src\main\AndroidManifest.xml:14:3-36:17
37        android:enableOnBackInvokedCallback="true"
37-->src\main\AndroidManifest.xml:14:16-58
38        android:extractNativeLibs="true" >
38-->src\main\AndroidManifest.xml:14:59-91
39        <meta-data
39-->src\main\AndroidManifest.xml:15:5-69
40            android:name="unity.splash-mode"
40-->src\main\AndroidManifest.xml:15:16-48
41            android:value="0" />
41-->src\main\AndroidManifest.xml:15:49-66
42        <meta-data
42-->src\main\AndroidManifest.xml:16:5-74
43            android:name="unity.splash-enable"
43-->src\main\AndroidManifest.xml:16:16-50
44            android:value="True" />
44-->src\main\AndroidManifest.xml:16:51-71
45        <meta-data
45-->src\main\AndroidManifest.xml:17:5-78
46            android:name="unity.launch-fullscreen"
46-->src\main\AndroidManifest.xml:17:16-54
47            android:value="True" />
47-->src\main\AndroidManifest.xml:17:55-75
48        <meta-data
48-->src\main\AndroidManifest.xml:18:5-84
49            android:name="unity.render-outside-safearea"
49-->src\main\AndroidManifest.xml:18:16-60
50            android:value="True" />
50-->src\main\AndroidManifest.xml:18:61-81
51        <meta-data
51-->src\main\AndroidManifest.xml:19:5-81
52            android:name="notch.config"
52-->src\main\AndroidManifest.xml:19:16-43
53            android:value="portrait|landscape" />
53-->src\main\AndroidManifest.xml:19:44-78
54        <meta-data
54-->src\main\AndroidManifest.xml:20:5-84
55            android:name="unity.auto-report-fully-drawn"
55-->src\main\AndroidManifest.xml:20:16-60
56            android:value="true" />
56-->src\main\AndroidManifest.xml:20:61-81
57
58        <activity
58-->src\main\AndroidManifest.xml:21:5-30:16
59            android:name="com.unity3d.player.UnityPlayerActivity"
59-->src\main\AndroidManifest.xml:21:15-68
60            android:configChanges="keyboard|keyboardHidden|navigation|orientation|screenLayout|screenSize|uiMode"
60-->src\main\AndroidManifest.xml:21:204-305
61            android:exported="true"
61-->src\main\AndroidManifest.xml:21:377-400
62            android:hardwareAccelerated="false"
62-->src\main\AndroidManifest.xml:21:341-376
63            android:launchMode="singleTask"
63-->src\main\AndroidManifest.xml:21:172-203
64            android:resizeableActivity="false"
64-->src\main\AndroidManifest.xml:21:306-340
65            android:screenOrientation="landscape"
65-->src\main\AndroidManifest.xml:21:134-171
66            android:theme="@android:style/Theme.Black.NoTitleBar.Fullscreen" >
66-->src\main\AndroidManifest.xml:21:69-133
67            <intent-filter>
67-->src\main\AndroidManifest.xml:22:7-26:23
68                <category android:name="android.intent.category.LAUNCHER" />
68-->src\main\AndroidManifest.xml:23:9-69
68-->src\main\AndroidManifest.xml:23:19-66
69
70                <action android:name="android.intent.action.MAIN" />
70-->src\main\AndroidManifest.xml:24:9-61
70-->src\main\AndroidManifest.xml:24:17-58
71
72                <category android:name="com.oculus.intent.category.VR" />
72-->src\main\AndroidManifest.xml:25:9-66
72-->src\main\AndroidManifest.xml:25:19-63
73            </intent-filter>
74
75            <meta-data
75-->src\main\AndroidManifest.xml:27:7-82
76                android:name="unityplayer.UnityActivity"
76-->src\main\AndroidManifest.xml:27:18-58
77                android:value="true" />
77-->src\main\AndroidManifest.xml:27:59-79
78            <meta-data
78-->src\main\AndroidManifest.xml:28:7-70
79                android:name="notch_support"
79-->src\main\AndroidManifest.xml:28:18-46
80                android:value="true" />
80-->src\main\AndroidManifest.xml:28:47-67
81            <meta-data
81-->src\main\AndroidManifest.xml:29:7-81
82                android:name="com.oculus.vr.focusaware"
82-->src\main\AndroidManifest.xml:29:18-57
83                android:value="true" />
83-->src\main\AndroidManifest.xml:29:58-78
84        </activity>
85
86        <meta-data
86-->src\main\AndroidManifest.xml:31:5-97
87            android:name="com.samsung.android.vr.application.mode"
87-->src\main\AndroidManifest.xml:31:16-70
88            android:value="vr_only" />
88-->src\main\AndroidManifest.xml:31:71-94
89        <meta-data
89-->src\main\AndroidManifest.xml:32:5-90
90            android:name="com.unity.xr.oculus.LowOverheadMode"
90-->src\main\AndroidManifest.xml:32:16-66
91            android:value="true" />
91-->src\main\AndroidManifest.xml:32:67-87
92        <meta-data
92-->src\main\AndroidManifest.xml:33:5-88
93            android:name="com.unity.xr.oculus.LateLatching"
93-->src\main\AndroidManifest.xml:33:16-63
94            android:value="false" />
94-->src\main\AndroidManifest.xml:33:64-85
95        <meta-data
95-->src\main\AndroidManifest.xml:34:5-93
96            android:name="com.unity.xr.oculus.LateLatchingDebug"
96-->src\main\AndroidManifest.xml:34:16-68
97            android:value="false" />
97-->src\main\AndroidManifest.xml:34:69-90
98        <meta-data
98-->src\main\AndroidManifest.xml:35:5-107
99            android:name="com.oculus.supportedDevices"
99-->src\main\AndroidManifest.xml:35:16-58
100            android:value="quest2|cambria|eureka|quest3s" />
100-->src\main\AndroidManifest.xml:35:59-104
101    </application>
102
103</manifest>